# JRE version: OpenJDK Runtime Environment Temurin-21.0.10+7 (21.0.10+7) (build 21.0.10+7-LTS)
# Java VM: OpenJDK 64-Bit Server VM Temurin-21.0.10+7 (21.0.10+7-LTS, mixed mode, sharing, tiered, compressed oops, compressed class ptrs, parallel gc, windows-amd64)
GC Precious Log:
 CardTable entry size: 512
 CPUs: 12 total, 12 available
 Memory: 16225M
 Large Page Support: Disabled
 NUMA Support: Disabled
 Compressed Oops: Enabled (32-bit)
 Alignments: Space 512K, Generation 512K, Heap 2M
 Heap Min Capacity: 100M
 Heap Initial Capacity: 100M
 Heap Max Capacity: 1G
 Pre-touch: Disabled
 Parallel Workers: 10
Heap:
 PSYoungGen      total 20480K, used 5636K [0x00000000eab00000, 0x00000000ec300000, 0x0000000100000000)
  eden space 19456K, 28% used [0x00000000eab00000,0x00000000eb0812a0,0x00000000ebe00000)
  from space 1024K, 0% used [0x00000000ebe00000,0x00000000ebe00000,0x00000000ebf00000)
  to   space 2048K, 0% used [0x00000000ec100000,0x00000000ec100000,0x00000000ec300000)
 ParOldGen       total 68608K, used 29463K [0x00000000c0000000, 0x00000000c4300000, 0x00000000eab00000)
  object space 68608K, 42% used [0x00000000c0000000,0x00000000c1cc5cb8,0x00000000c4300000)
 Metaspace       used 34797K, committed 35904K, reserved 1114112K
  class space    used 3560K, committed 4032K, reserved 1048576K
GC Heap History (20 events):
Event: 6.556 GC heap before
{Heap before GC invocations=10 (full 1):
 PSYoungGen      total 26624K, used 26621K [0x00000000eab00000, 0x00000000ecc80000, 0x0000000100000000)
  eden space 23040K, 100% used [0x00000000eab00000,0x00000000ec180000,0x00000000ec180000)
  from space 3584K, 99% used [0x00000000ec680000,0x00000000ec9ff668,0x00000000eca00000)
  to   space 5120K, 0% used [0x00000000ec180000,0x00000000ec180000,0x00000000ec680000)
 ParOldGen       total 68608K, used 11058K [0x00000000c0000000, 0x00000000c4300000, 0x00000000eab00000)
  object space 68608K, 16% used [0x00000000c0000000,0x00000000c0acc868,0x00000000c4300000)
 Metaspace       used 29677K, committed 30592K, reserved 1114112K
  class space    used 2979K, committed 3392K, reserved 1048576K
}
Event: 6.559 GC heap after
{Heap after GC invocations=10 (full 1):
 PSYoungGen      total 27648K, used 4964K [0x00000000eab00000, 0x00000000ecc00000, 0x0000000100000000)
  eden space 22528K, 0% used [0x00000000eab00000,0x00000000eab00000,0x00000000ec100000)
  from space 5120K, 96% used [0x00000000ec180000,0x00000000ec659098,0x00000000ec680000)
  to   space 5632K, 0% used [0x00000000ec680000,0x00000000ec680000,0x00000000ecc00000)
 ParOldGen       total 68608K, used 11066K [0x00000000c0000000, 0x00000000c4300000, 0x00000000eab00000)
  object space 68608K, 16% used [0x00000000c0000000,0x00000000c0ace868,0x00000000c4300000)
 Metaspace       used 29677K, committed 30592K, reserved 1114112K
  class space    used 2979K, committed 3392K, reserved 1048576K
}
Event: 7.012 GC heap before
{Heap before GC invocations=11 (full 1):
 PSYoungGen      total 27648K, used 27492K [0x00000000eab00000, 0x00000000ecc00000, 0x0000000100000000)
  eden space 22528K, 100% used [0x00000000eab00000,0x00000000ec100000,0x00000000ec100000)
  from space 5120K, 96% used [0x00000000ec180000,0x00000000ec659098,0x00000000ec680000)
  to   space 5632K, 0% used [0x00000000ec680000,0x00000000ec680000,0x00000000ecc00000)
 ParOldGen       total 68608K, used 11066K [0x00000000c0000000, 0x00000000c4300000, 0x00000000eab00000)
  object space 68608K, 16% used [0x00000000c0000000,0x00000000c0ace868,0x00000000c4300000)
 Metaspace       used 31922K, committed 32896K, reserved 1114112K
  class space    used 3247K, committed 3712K, reserved 1048576K
}
Event: 7.017 GC heap after
{Heap after GC invocations=11 (full 1):
 PSYoungGen      total 25088K, used 2846K [0x00000000eab00000, 0x00000000ec980000, 0x0000000100000000)
  eden space 22016K, 0% used [0x00000000eab00000,0x00000000eab00000,0x00000000ec080000)
  from space 3072K, 92% used [0x00000000ec680000,0x00000000ec947848,0x00000000ec980000)
  to   space 4096K, 0% used [0x00000000ec180000,0x00000000ec180000,0x00000000ec580000)
 ParOldGen       total 68608K, used 14620K [0x00000000c0000000, 0x00000000c4300000, 0x00000000eab00000)
  object space 68608K, 21% used [0x00000000c0000000,0x00000000c0e472c0,0x00000000c4300000)
 Metaspace       used 31922K, committed 32896K, reserved 1114112K
  class space    used 3247K, committed 3712K, reserved 1048576K
}
Event: 7.136 GC heap before
{Heap before GC invocations=12 (full 1):
 PSYoungGen      total 25088K, used 24860K [0x00000000eab00000, 0x00000000ec980000, 0x0000000100000000)
  eden space 22016K, 99% used [0x00000000eab00000,0x00000000ec07fb70,0x00000000ec080000)
  from space 3072K, 92% used [0x00000000ec680000,0x00000000ec947848,0x00000000ec980000)
  to   space 4096K, 0% used [0x00000000ec180000,0x00000000ec180000,0x00000000ec580000)
 ParOldGen       total 68608K, used 14620K [0x00000000c0000000, 0x00000000c4300000, 0x00000000eab00000)
  object space 68608K, 21% used [0x00000000c0000000,0x00000000c0e472c0,0x00000000c4300000)
 Metaspace       used 32171K, committed 33280K, reserved 1114112K
  class space    used 3292K, committed 3776K, reserved 1048576K
}
Event: 7.140 GC heap after
{Heap after GC invocations=12 (full 1):
 PSYoungGen      total 25088K, used 2577K [0x00000000eab00000, 0x00000000ec700000, 0x0000000100000000)
  eden space 22016K, 0% used [0x00000000eab00000,0x00000000eab00000,0x00000000ec080000)
  from space 3072K, 83% used [0x00000000ec180000,0x00000000ec404410,0x00000000ec480000)
  to   space 2560K, 0% used [0x00000000ec480000,0x00000000ec480000,0x00000000ec700000)
 ParOldGen       total 68608K, used 17335K [0x00000000c0000000, 0x00000000c4300000, 0x00000000eab00000)
  object space 68608K, 25% used [0x00000000c0000000,0x00000000c10ede50,0x00000000c4300000)
 Metaspace       used 32171K, committed 33280K, reserved 1114112K
  class space    used 3292K, committed 3776K, reserved 1048576K
}
Event: 7.251 GC heap before
{Heap before GC invocations=13 (full 1):
 PSYoungGen      total 25088K, used 24593K [0x00000000eab00000, 0x00000000ec700000, 0x0000000100000000)
  eden space 22016K, 100% used [0x00000000eab00000,0x00000000ec080000,0x00000000ec080000)
  from space 3072K, 83% used [0x00000000ec180000,0x00000000ec404410,0x00000000ec480000)
  to   space 2560K, 0% used [0x00000000ec480000,0x00000000ec480000,0x00000000ec700000)
 ParOldGen       total 68608K, used 17335K [0x00000000c0000000, 0x00000000c4300000, 0x00000000eab00000)
  object space 68608K, 25% used [0x00000000c0000000,0x00000000c10ede50,0x00000000c4300000)
 Metaspace       used 32422K, committed 33472K, reserved 1114112K
  class space    used 3336K, committed 3776K, reserved 1048576K
}
Event: 7.255 GC heap after
{Heap after GC invocations=13 (full 1):
 PSYoungGen      total 23040K, used 2528K [0x00000000eab00000, 0x00000000ecb80000, 0x0000000100000000)
  eden space 20480K, 0% used [0x00000000eab00000,0x00000000eab00000,0x00000000ebf00000)
  from space 2560K, 98% used [0x00000000ec480000,0x00000000ec6f80a0,0x00000000ec700000)
  to   space 5632K, 0% used [0x00000000ebf00000,0x00000000ebf00000,0x00000000ec480000)
 ParOldGen       total 68608K, used 19855K [0x00000000c0000000, 0x00000000c4300000, 0x00000000eab00000)
  object space 68608K, 28% used [0x00000000c0000000,0x00000000c1363c20,0x00000000c4300000)
 Metaspace       used 32422K, committed 33472K, reserved 1114112K
  class space    used 3336K, committed 3776K, reserved 1048576K
}
Event: 7.350 GC heap before
{Heap before GC invocations=14 (full 1):
 PSYoungGen      total 23040K, used 23008K [0x00000000eab00000, 0x00000000ecb80000, 0x0000000100000000)
  eden space 20480K, 100% used [0x00000000eab00000,0x00000000ebf00000,0x00000000ebf00000)
  from space 2560K, 98% used [0x00000000ec480000,0x00000000ec6f80a0,0x00000000ec700000)
  to   space 5632K, 0% used [0x00000000ebf00000,0x00000000ebf00000,0x00000000ec480000)
 ParOldGen       total 68608K, used 19855K [0x00000000c0000000, 0x00000000c4300000, 0x00000000eab00000)
  object space 68608K, 28% used [0x00000000c0000000,0x00000000c1363c20,0x00000000c4300000)
 Metaspace       used 32461K, committed 33472K, reserved 1114112K
  class space    used 3337K, committed 3776K, reserved 1048576K
}
Event: 7.355 GC heap after
{Heap after GC invocations=14 (full 1):
 PSYoungGen      total 23552K, used 2596K [0x00000000eab00000, 0x00000000ec600000, 0x0000000100000000)
  eden space 20480K, 0% used [0x00000000eab00000,0x00000000eab00000,0x00000000ebf00000)
  from space 3072K, 84% used [0x00000000ebf00000,0x00000000ec189000,0x00000000ec200000)
  to   space 3584K, 0% used [0x00000000ec280000,0x00000000ec280000,0x00000000ec600000)
 ParOldGen       total 68608K, used 22312K [0x00000000c0000000, 0x00000000c4300000, 0x00000000eab00000)
  object space 68608K, 32% used [0x00000000c0000000,0x00000000c15ca378,0x00000000c4300000)
 Metaspace       used 32461K, committed 33472K, reserved 1114112K
  class space    used 3337K, committed 3776K, reserved 1048576K
}
Event: 7.427 GC heap before
{Heap before GC invocations=15 (full 1):
 PSYoungGen      total 23552K, used 23076K [0x00000000eab00000, 0x00000000ec600000, 0x0000000100000000)
  eden space 20480K, 100% used [0x00000000eab00000,0x00000000ebf00000,0x00000000ebf00000)
  from space 3072K, 84% used [0x00000000ebf00000,0x00000000ec189000,0x00000000ec200000)
  to   space 3584K, 0% used [0x00000000ec280000,0x00000000ec280000,0x00000000ec600000)
 ParOldGen       total 68608K, used 22312K [0x00000000c0000000, 0x00000000c4300000, 0x00000000eab00000)
  object space 68608K, 32% used [0x00000000c0000000,0x00000000c15ca378,0x00000000c4300000)
 Metaspace       used 32486K, committed 33536K, reserved 1114112K
  class space    used 3337K, committed 3776K, reserved 1048576K
}
Event: 7.431 GC heap after
{Heap after GC invocations=15 (full 1):
 PSYoungGen      total 23040K, used 2208K [0x00000000eab00000, 0x00000000ec500000, 0x0000000100000000)
  eden space 20480K, 0% used [0x00000000eab00000,0x00000000eab00000,0x00000000ebf00000)
  from space 2560K, 86% used [0x00000000ec280000,0x00000000ec4a8000,0x00000000ec500000)
  to   space 2560K, 0% used [0x00000000ec000000,0x00000000ec000000,0x00000000ec280000)
 ParOldGen       total 68608K, used 24776K [0x00000000c0000000, 0x00000000c4300000, 0x00000000eab00000)
  object space 68608K, 36% used [0x00000000c0000000,0x00000000c1832060,0x00000000c4300000)
 Metaspace       used 32486K, committed 33536K, reserved 1114112K
  class space    used 3337K, committed 3776K, reserved 1048576K
}
Event: 7.533 GC heap before
{Heap before GC invocations=16 (full 1):
 PSYoungGen      total 23040K, used 22688K [0x00000000eab00000, 0x00000000ec500000, 0x0000000100000000)
  eden space 20480K, 100% used [0x00000000eab00000,0x00000000ebf00000,0x00000000ebf00000)
  from space 2560K, 86% used [0x00000000ec280000,0x00000000ec4a8000,0x00000000ec500000)
  to   space 2560K, 0% used [0x00000000ec000000,0x00000000ec000000,0x00000000ec280000)
 ParOldGen       total 68608K, used 24776K [0x00000000c0000000, 0x00000000c4300000, 0x00000000eab00000)
  object space 68608K, 36% used [0x00000000c0000000,0x00000000c1832060,0x00000000c4300000)
 Metaspace       used 32589K, committed 33600K, reserved 1114112K
  class space    used 3337K, committed 3776K, reserved 1048576K
}
Event: 7.539 GC heap after
{Heap after GC invocations=16 (full 1):
 PSYoungGen      total 23040K, used 2424K [0x00000000eab00000, 0x00000000ec400000, 0x0000000100000000)
  eden space 20480K, 0% used [0x00000000eab00000,0x00000000eab00000,0x00000000ebf00000)
  from space 2560K, 94% used [0x00000000ec000000,0x00000000ec25e210,0x00000000ec280000)
  to   space 1536K, 0% used [0x00000000ec280000,0x00000000ec280000,0x00000000ec400000)
 ParOldGen       total 68608K, used 26920K [0x00000000c0000000, 0x00000000c4300000, 0x00000000eab00000)
  object space 68608K, 39% used [0x00000000c0000000,0x00000000c1a4a060,0x00000000c4300000)
 Metaspace       used 32589K, committed 33600K, reserved 1114112K
  class space    used 3337K, committed 3776K, reserved 1048576K
}
Event: 7.725 GC heap before
{Heap before GC invocations=17 (full 1):
 PSYoungGen      total 23040K, used 22904K [0x00000000eab00000, 0x00000000ec400000, 0x0000000100000000)
  eden space 20480K, 100% used [0x00000000eab00000,0x00000000ebf00000,0x00000000ebf00000)
  from space 2560K, 94% used [0x00000000ec000000,0x00000000ec25e210,0x00000000ec280000)
  to   space 1536K, 0% used [0x00000000ec280000,0x00000000ec280000,0x00000000ec400000)
 ParOldGen       total 68608K, used 26920K [0x00000000c0000000, 0x00000000c4300000, 0x00000000eab00000)
  object space 68608K, 39% used [0x00000000c0000000,0x00000000c1a4a060,0x00000000c4300000)
 Metaspace       used 33052K, committed 34176K, reserved 1114112K
  class space    used 3403K, committed 3904K, reserved 1048576K
}
Event: 7.729 GC heap after
{Heap after GC invocations=17 (full 1):
 PSYoungGen      total 20992K, used 1507K [0x00000000eab00000, 0x00000000ec800000, 0x0000000100000000)
  eden space 19456K, 0% used [0x00000000eab00000,0x00000000eab00000,0x00000000ebe00000)
  from space 1536K, 98% used [0x00000000ec280000,0x00000000ec3f8e88,0x00000000ec400000)
  to   space 4608K, 0% used [0x00000000ebe00000,0x00000000ebe00000,0x00000000ec280000)
 ParOldGen       total 68608K, used 29472K [0x00000000c0000000, 0x00000000c4300000, 0x00000000eab00000)
  object space 68608K, 42% used [0x00000000c0000000,0x00000000c1cc8270,0x00000000c4300000)
 Metaspace       used 33052K, committed 34176K, reserved 1114112K
  class space    used 3403K, committed 3904K, reserved 1048576K
}
Event: 8.090 GC heap before
{Heap before GC invocations=18 (full 1):
 PSYoungGen      total 20992K, used 11146K [0x00000000eab00000, 0x00000000ec800000, 0x0000000100000000)
  eden space 19456K, 49% used [0x00000000eab00000,0x00000000eb4699d8,0x00000000ebe00000)
  from space 1536K, 98% used [0x00000000ec280000,0x00000000ec3f8e88,0x00000000ec400000)
  to   space 4608K, 0% used [0x00000000ebe00000,0x00000000ebe00000,0x00000000ec280000)
 ParOldGen       total 68608K, used 29472K [0x00000000c0000000, 0x00000000c4300000, 0x00000000eab00000)
  object space 68608K, 42% used [0x00000000c0000000,0x00000000c1cc8270,0x00000000c4300000)
 Metaspace       used 34800K, committed 35840K, reserved 1114112K
  class space    used 3578K, committed 4032K, reserved 1048576K
}
Event: 8.094 GC heap after
{Heap after GC invocations=18 (full 1):
 PSYoungGen      total 20480K, used 683K [0x00000000eab00000, 0x00000000ec300000, 0x0000000100000000)
  eden space 19456K, 0% used [0x00000000eab00000,0x00000000eab00000,0x00000000ebe00000)
  from space 1024K, 66% used [0x00000000ebe00000,0x00000000ebeaae58,0x00000000ebf00000)
  to   space 2048K, 0% used [0x00000000ec100000,0x00000000ec100000,0x00000000ec300000)
 ParOldGen       total 68608K, used 30989K [0x00000000c0000000, 0x00000000c4300000, 0x00000000eab00000)
  object space 68608K, 45% used [0x00000000c0000000,0x00000000c1e43700,0x00000000c4300000)
 Metaspace       used 34800K, committed 35840K, reserved 1114112K
  class space    used 3578K, committed 4032K, reserved 1048576K
}
Event: 8.094 GC heap before
{Heap before GC invocations=19 (full 2):
 PSYoungGen      total 20480K, used 683K [0x00000000eab00000, 0x00000000ec300000, 0x0000000100000000)
  eden space 19456K, 0% used [0x00000000eab00000,0x00000000eab00000,0x00000000ebe00000)
  from space 1024K, 66% used [0x00000000ebe00000,0x00000000ebeaae58,0x00000000ebf00000)
  to   space 2048K, 0% used [0x00000000ec100000,0x00000000ec100000,0x00000000ec300000)
 ParOldGen       total 68608K, used 30989K [0x00000000c0000000, 0x00000000c4300000, 0x00000000eab00000)
  object space 68608K, 45% used [0x00000000c0000000,0x00000000c1e43700,0x00000000c4300000)
 Metaspace       used 34800K, committed 35840K, reserved 1114112K
  class space    used 3578K, committed 4032K, reserved 1048576K
}
Event: 8.160 GC heap after
{Heap after GC invocations=19 (full 2):
 PSYoungGen      total 20480K, used 0K [0x00000000eab00000, 0x00000000ec300000, 0x0000000100000000)
  eden space 19456K, 0% used [0x00000000eab00000,0x00000000eab00000,0x00000000ebe00000)
  from space 1024K, 0% used [0x00000000ebe00000,0x00000000ebe00000,0x00000000ebf00000)
  to   space 2048K, 0% used [0x00000000ec100000,0x00000000ec100000,0x00000000ec300000)
 ParOldGen       total 68608K, used 29463K [0x00000000c0000000, 0x00000000c4300000, 0x00000000eab00000)
  object space 68608K, 42% used [0x00000000c0000000,0x00000000c1cc5cb8,0x00000000c4300000)
 Metaspace       used 34631K, committed 35840K, reserved 1114112K
  class space    used 3529K, committed 4032K, reserved 1048576K
}

